<?xml version="1.0" encoding="UTF-8" ?>
<testsuites name="vitest tests" tests="8" failures="0" errors="0" time="0.01110975">
    <testsuite name="src/add.test.ts" timestamp="2026-08-10T03:04:05.640Z" hostname="Mac.socal.rr.com" tests="8" failures="0" errors="0" skipped="0" time="0.01110975">
        <testcase classname="src/add.test.ts" name="add &gt; returns the sum of two positive numbers" time="0.00477525">
        </testcase>
        <testcase classname="src/add.test.ts" name="add &gt; returns the sum when left operand is negative" time="0.000423625">
        </testcase>
        <testcase classname="src/add.test.ts" name="add &gt; returns the sum of two negative numbers" time="0.000289375">
        </testcase>
        <testcase classname="src/add.test.ts" name="add &gt; handles zero as left operand" time="0.000248833">
        </testcase>
        <testcase classname="src/add.test.ts" name="add &gt; handles zero as right operand" time="0.000253583">
        </testcase>
        <testcase classname="src/add.test.ts" name="add &gt; handles both operands as zero" time="0.000228583">
        </testcase>
        <testcase classname="src/add.test.ts" name="add &gt; handles large numbers" time="0.000247084">
        </testcase>
        <testcase classname="src/add.test.ts" name="add &gt; handles floating point numbers" time="0.000399208">
        </testcase>
    </testsuite>
</testsuites>
